<?xml version="1.0" encoding="UTF-8"?>
<!-- Generated by org.testng.reporters.JUnitReportReporter -->
<testsuite hostname="LCE27046" failures="0" tests="1" name="tests.CheckOutTest" time="16.824" errors="0" timestamp="01 Aug. 2019 08:22:12 GMT" skipped="0">
  <testcase classname="tests.CheckOutTest" name="shop_cart" time="16.824"/>
</testsuite> <!-- tests.CheckOutTest -->
