<?xml version="1.0" encoding="UTF-8"?>
<!-- Generated by org.testng.reporters.JUnitReportReporter -->
<testsuite hostname="LCE27046" failures="0" tests="3" name="tests.SignInTest" time="33.091" errors="0" timestamp="01 Aug. 2019 08:22:12 GMT" skipped="0">
  <testcase classname="tests.SignInTest" name="Login_N_001" time="12.883"/>
  <testcase classname="tests.SignInTest" name="Login_N_002" time="9.663"/>
  <testcase classname="tests.SignInTest" name="Login_P_001" time="10.545"/>
</testsuite> <!-- tests.SignInTest -->
